<?xml version="1.0" encoding="UTF-8"?>
<!-- Generated by org.testng.reporters.JUnitXMLReporter -->
<testsuite ignored="0" hostname="LAPTOP-O3KFPBL7" failures="8" tests="8" name="Test" time="62.816" errors="0" timestamp="2021-05-29T15:45:42 IST">
  <testcase classname="project.mavenjava.spicejet" name="calender" time="30.132">
    <failure type="org.openqa.selenium.NoSuchElementException" message="no such element: Unable to locate element: {&amp;quot;method&amp;quot;:&amp;quot;css selector&amp;quot;,&amp;quot;selector&amp;quot;:&amp;quot;.ui-state-default.ui-state-highlight&amp;quot;}
  (Session info: chrome=91.0.4472.77)
For documentation on this error, please visit: https://www.seleniumhq.org/exceptions/no_such_element.html
Build info: version: &amp;apos;3.141.59&amp;apos;, revision: &amp;apos;e82be7d358&amp;apos;, time: &amp;apos;2018-11-14T08:17:03&amp;apos;
System info: host: &amp;apos;LAPTOP-O3KFPBL7&amp;apos;, ip: &amp;apos;192.168.0.109&amp;apos;, os.name: &amp;apos;Windows 10&amp;apos;, os.arch: &amp;apos;amd64&amp;apos;, os.version: &amp;apos;10.0&amp;apos;, java.version: &amp;apos;16.0.1&amp;apos;
Driver info: org.openqa.selenium.chrome.ChromeDriver
Capabilities {acceptInsecureCerts: false, browserName: chrome, browserVersion: 91.0.4472.77, chrome: {chromedriverVersion: 90.0.4430.24 (4c6d850f087da..., userDataDir: C:\Users\mukul\AppData\Loca...}, goog:chromeOptions: {debuggerAddress: localhost:56351}, javascriptEnabled: true, networkConnectionEnabled: false, pageLoadStrategy: normal, platform: WINDOWS, platformName: WINDOWS, proxy: Proxy(), setWindowRect: true, strictFileInteractability: false, timeouts: {implicit: 0, pageLoad: 300000, script: 30000}, unhandledPromptBehavior: dismiss and notify, webauthn:extension:largeBlob: true, webauthn:virtualAuthenticators: true}
Session ID: 4b50fad1015f868e808ed15d3a83e748
*** Element info: {Using=css selector, value=.ui-state-default.ui-state-highlight}">
      <![CDATA[org.openqa.selenium.NoSuchElementException: no such element: Unable to locate element: {"method":"css selector","selector":".ui-state-default.ui-state-highlight"}
  (Session info: chrome=91.0.4472.77)
For documentation on this error, please visit: https://www.seleniumhq.org/exceptions/no_such_element.html
Build info: version: '3.141.59', revision: 'e82be7d358', time: '2018-11-14T08:17:03'
System info: host: 'LAPTOP-O3KFPBL7', ip: '192.168.0.109', os.name: 'Windows 10', os.arch: 'amd64', os.version: '10.0', java.version: '16.0.1'
Driver info: org.openqa.selenium.chrome.ChromeDriver
Capabilities {acceptInsecureCerts: false, browserName: chrome, browserVersion: 91.0.4472.77, chrome: {chromedriverVersion: 90.0.4430.24 (4c6d850f087da..., userDataDir: C:\Users\mukul\AppData\Loca...}, goog:chromeOptions: {debuggerAddress: localhost:56351}, javascriptEnabled: true, networkConnectionEnabled: false, pageLoadStrategy: normal, platform: WINDOWS, platformName: WINDOWS, proxy: Proxy(), setWindowRect: true, strictFileInteractability: false, timeouts: {implicit: 0, pageLoad: 300000, script: 30000}, unhandledPromptBehavior: dismiss and notify, webauthn:extension:largeBlob: true, webauthn:virtualAuthenticators: true}
Session ID: 4b50fad1015f868e808ed15d3a83e748
*** Element info: {Using=css selector, value=.ui-state-default.ui-state-highlight}
at org.openqa.selenium.remote.http.W3CHttpResponseCodec.createException(W3CHttpResponseCodec.java:187)
at org.openqa.selenium.remote.http.W3CHttpResponseCodec.decode(W3CHttpResponseCodec.java:122)
at org.openqa.selenium.remote.http.W3CHttpResponseCodec.decode(W3CHttpResponseCodec.java:49)
at org.openqa.selenium.remote.HttpCommandExecutor.execute(HttpCommandExecutor.java:158)
at org.openqa.selenium.remote.service.DriverCommandExecutor.execute(DriverCommandExecutor.java:83)
at org.openqa.selenium.remote.RemoteWebDriver.execute(RemoteWebDriver.java:552)
at org.openqa.selenium.remote.RemoteWebDriver.findElement(RemoteWebDriver.java:323)
at org.openqa.selenium.remote.RemoteWebDriver.findElementByCssSelector(RemoteWebDriver.java:420)
at org.openqa.selenium.By$ByCssSelector.findElement(By.java:431)
at org.openqa.selenium.remote.RemoteWebDriver.findElement(RemoteWebDriver.java:315)
at project.mavenjava.spicejet.calender(spicejet.java:111)
at java.base/java.util.ArrayList.forEach(ArrayList.java:1511)
... Removed 32 stack frames]]>
    </failure>
  </testcase> <!-- calender -->
  <testcase classname="project.mavenjava.spicejet" name="checkboxes" time="5.698">
    <failure type="java.lang.NullPointerException" message="Cannot invoke &amp;quot;java.awt.image.BufferedImage.getWidth()&amp;quot; because &amp;quot;image&amp;quot; is null">
      <![CDATA[java.lang.NullPointerException: Cannot invoke "java.awt.image.BufferedImage.getWidth()" because "image" is null
at ru.yandex.qatools.ashot.coordinates.Coords.ofImage(Coords.java:52)
at ru.yandex.qatools.ashot.Screenshot.<init>(Screenshot.java:49)
at ru.yandex.qatools.ashot.comparison.ImageDiffer.makeDiff(ImageDiffer.java:96)
at project.mavenjava.ScreenCapture.compare(ScreenCapture.java:43)
at project.mavenjava.spicejet.checkboxes(spicejet.java:175)
at java.base/java.util.ArrayList.forEach(ArrayList.java:1511)
... Removed 27 stack frames]]>
    </failure>
  </testcase> <!-- checkboxes -->
  <testcase classname="project.mavenjava.spicejet" name="dropdown" time="5.683">
    <failure type="java.lang.NullPointerException" message="Cannot invoke &amp;quot;java.awt.image.BufferedImage.getWidth()&amp;quot; because &amp;quot;image&amp;quot; is null">
      <![CDATA[java.lang.NullPointerException: Cannot invoke "java.awt.image.BufferedImage.getWidth()" because "image" is null
at ru.yandex.qatools.ashot.coordinates.Coords.ofImage(Coords.java:52)
at ru.yandex.qatools.ashot.Screenshot.<init>(Screenshot.java:49)
at ru.yandex.qatools.ashot.comparison.ImageDiffer.makeDiff(ImageDiffer.java:96)
at project.mavenjava.ScreenCapture.compare(ScreenCapture.java:43)
at project.mavenjava.spicejet.dropdown(spicejet.java:85)
at java.base/java.util.ArrayList.forEach(ArrayList.java:1511)
... Removed 27 stack frames]]>
    </failure>
  </testcase> <!-- dropdown -->
  <testcase classname="project.mavenjava.spicejet" name="radiobtn" time="3.77">
    <failure type="java.lang.NullPointerException" message="Cannot invoke &amp;quot;java.awt.image.BufferedImage.getWidth()&amp;quot; because &amp;quot;image&amp;quot; is null">
      <![CDATA[java.lang.NullPointerException: Cannot invoke "java.awt.image.BufferedImage.getWidth()" because "image" is null
at ru.yandex.qatools.ashot.coordinates.Coords.ofImage(Coords.java:52)
at ru.yandex.qatools.ashot.Screenshot.<init>(Screenshot.java:49)
at ru.yandex.qatools.ashot.comparison.ImageDiffer.makeDiff(ImageDiffer.java:96)
at project.mavenjava.ScreenCapture.compare(ScreenCapture.java:43)
at project.mavenjava.spicejet.radiobtn(spicejet.java:137)
at java.base/java.util.ArrayList.forEach(ArrayList.java:1511)
... Removed 27 stack frames]]>
    </failure>
  </testcase> <!-- radiobtn -->
  <testcase classname="project.mavenjava.spicejet" name="tab" time="1.8">
    <failure type="javax.imageio.IIOException" message="Can&amp;apos;t read input file!">
      <![CDATA[javax.imageio.IIOException: Can't read input file!
at java.desktop/javax.imageio.ImageIO.read(ImageIO.java:1308)
at project.mavenjava.ScreenCapture.baselines(ScreenCapture.java:27)
at project.mavenjava.spicejet.tab(spicejet.java:29)
at java.base/java.util.ArrayList.forEach(ArrayList.java:1511)
... Removed 27 stack frames]]>
    </failure>
  </testcase> <!-- tab -->
  <testcase classname="project.mavenjava.spicejet" name="check" time="0.362">
    <failure type="org.openqa.selenium.StaleElementReferenceException" message="stale element reference: element is not attached to the page document
  (Session info: chrome=91.0.4472.77)
For documentation on this error, please visit: https://www.seleniumhq.org/exceptions/stale_element_reference.html
Build info: version: &amp;apos;3.141.59&amp;apos;, revision: &amp;apos;e82be7d358&amp;apos;, time: &amp;apos;2018-11-14T08:17:03&amp;apos;
System info: host: &amp;apos;LAPTOP-O3KFPBL7&amp;apos;, ip: &amp;apos;192.168.0.109&amp;apos;, os.name: &amp;apos;Windows 10&amp;apos;, os.arch: &amp;apos;amd64&amp;apos;, os.version: &amp;apos;10.0&amp;apos;, java.version: &amp;apos;16.0.1&amp;apos;
Driver info: org.openqa.selenium.chrome.ChromeDriver
Capabilities {acceptInsecureCerts: false, browserName: chrome, browserVersion: 91.0.4472.77, chrome: {chromedriverVersion: 90.0.4430.24 (4c6d850f087da..., userDataDir: C:\Users\mukul\AppData\Loca...}, goog:chromeOptions: {debuggerAddress: localhost:56351}, javascriptEnabled: true, networkConnectionEnabled: false, pageLoadStrategy: normal, platform: WINDOWS, platformName: WINDOWS, proxy: Proxy(), setWindowRect: true, strictFileInteractability: false, timeouts: {implicit: 0, pageLoad: 300000, script: 30000}, unhandledPromptBehavior: dismiss and notify, webauthn:extension:largeBlob: true, webauthn:virtualAuthenticators: true}
Session ID: 4b50fad1015f868e808ed15d3a83e748">
      <![CDATA[org.openqa.selenium.StaleElementReferenceException: stale element reference: element is not attached to the page document
  (Session info: chrome=91.0.4472.77)
For documentation on this error, please visit: https://www.seleniumhq.org/exceptions/stale_element_reference.html
Build info: version: '3.141.59', revision: 'e82be7d358', time: '2018-11-14T08:17:03'
System info: host: 'LAPTOP-O3KFPBL7', ip: '192.168.0.109', os.name: 'Windows 10', os.arch: 'amd64', os.version: '10.0', java.version: '16.0.1'
Driver info: org.openqa.selenium.chrome.ChromeDriver
Capabilities {acceptInsecureCerts: false, browserName: chrome, browserVersion: 91.0.4472.77, chrome: {chromedriverVersion: 90.0.4430.24 (4c6d850f087da..., userDataDir: C:\Users\mukul\AppData\Loca...}, goog:chromeOptions: {debuggerAddress: localhost:56351}, javascriptEnabled: true, networkConnectionEnabled: false, pageLoadStrategy: normal, platform: WINDOWS, platformName: WINDOWS, proxy: Proxy(), setWindowRect: true, strictFileInteractability: false, timeouts: {implicit: 0, pageLoad: 300000, script: 30000}, unhandledPromptBehavior: dismiss and notify, webauthn:extension:largeBlob: true, webauthn:virtualAuthenticators: true}
Session ID: 4b50fad1015f868e808ed15d3a83e748
at org.openqa.selenium.remote.http.W3CHttpResponseCodec.createException(W3CHttpResponseCodec.java:187)
at org.openqa.selenium.remote.http.W3CHttpResponseCodec.decode(W3CHttpResponseCodec.java:122)
at org.openqa.selenium.remote.http.W3CHttpResponseCodec.decode(W3CHttpResponseCodec.java:49)
at org.openqa.selenium.remote.HttpCommandExecutor.execute(HttpCommandExecutor.java:158)
at org.openqa.selenium.remote.service.DriverCommandExecutor.execute(DriverCommandExecutor.java:83)
at org.openqa.selenium.remote.RemoteWebDriver.execute(RemoteWebDriver.java:552)
at org.openqa.selenium.remote.RemoteWebElement.execute(RemoteWebElement.java:285)
at org.openqa.selenium.remote.RemoteWebElement.click(RemoteWebElement.java:84)
at project.mavenjava.spicejet.dropdown(spicejet.java:75)
at project.mavenjava.spicejet.check(spicejet.java:187)
at java.base/java.util.ArrayList.forEach(ArrayList.java:1511)
... Removed 32 stack frames]]>
    </failure>
  </testcase> <!-- check -->
  <testcase classname="project.mavenjava.spicejet" name="chatbot" time="1.428">
    <failure type="javax.imageio.IIOException" message="Can&amp;apos;t read input file!">
      <![CDATA[javax.imageio.IIOException: Can't read input file!
at java.desktop/javax.imageio.ImageIO.read(ImageIO.java:1308)
at project.mavenjava.ScreenCapture.baselines(ScreenCapture.java:27)
at project.mavenjava.spicejet.chatbot(spicejet.java:271)
at java.base/java.util.ArrayList.forEach(ArrayList.java:1511)
... Removed 27 stack frames]]>
    </failure>
  </testcase> <!-- chatbot -->
  <testcase classname="project.mavenjava.spicejet" name="login" time="13.764">
    <failure type="javax.imageio.IIOException" message="Can&amp;apos;t read input file!">
      <![CDATA[javax.imageio.IIOException: Can't read input file!
at java.desktop/javax.imageio.ImageIO.read(ImageIO.java:1308)
at project.mavenjava.ScreenCapture.baselines(ScreenCapture.java:27)
at project.mavenjava.spicejet.login(spicejet.java:214)
at java.base/java.util.ArrayList.forEach(ArrayList.java:1511)
... Removed 27 stack frames]]>
    </failure>
  </testcase> <!-- login -->
</testsuite> <!-- Test -->
